# JRE version: OpenJDK Runtime Environment (8.0_152-b01) (build 1.8.0_152-release-915-b01)
# Java VM: OpenJDK Server VM (25.152-b01 mixed mode windows-x86 )
Heap:
 PSYoungGen      total 245504K, used 189697K [0x51800000, 0x61c40000, 0x71800000)
  eden space 230912K, 82% used [0x51800000,0x5d140508,0x5f980000)
  from space 14592K, 0% used [0x60800000,0x60800000,0x61640000)
  to   space 14848K, 0% used [0x5f980000,0x5f980000,0x60800000)
 ParOldGen       total 47104K, used 17249K [0x11800000, 0x14600000, 0x51800000)
  object space 47104K, 36% used [0x11800000,0x128d85e8,0x14600000)
 Metaspace       used 31236K, capacity 31850K, committed 32000K, reserved 32128K
GC Heap History (10 events):
Event: 16.823 GC heap before
{Heap before GC invocations=6 (full 1):
 PSYoungGen      total 69120K, used 2559K [0x51800000, 0x5b100000, 0x71800000)
  eden space 66560K, 0% used [0x51800000,0x51800000,0x55900000)
  from space 2560K, 99% used [0x55900000,0x55b7fc70,0x55b80000)
  to   space 11776K, 0% used [0x5a580000,0x5a580000,0x5b100000)
 ParOldGen       total 43776K, used 15958K [0x11800000, 0x142c0000, 0x51800000)
  object space 43776K, 36% used [0x11800000,0x12795bd8,0x142c0000)
 Metaspace       used 16089K, capacity 16373K, committed 16384K, reserved 16768K
Event: 16.902 GC heap after
Heap after GC invocations=6 (full 1):
 PSYoungGen      total 69120K, used 0K [0x51800000, 0x5b100000, 0x71800000)
  eden space 66560K, 0% used [0x51800000,0x51800000,0x55900000)
  from space 2560K, 0% used [0x55900000,0x55900000,0x55b80000)
  to   space 11776K, 0% used [0x5a580000,0x5a580000,0x5b100000)
 ParOldGen       total 42240K, used 15059K [0x11800000, 0x14140000, 0x51800000)
  object space 42240K, 35% used [0x11800000,0x126b4e70,0x14140000)
 Metaspace       used 16089K, capacity 16373K, committed 16384K, reserved 16768K
}
Event: 22.650 GC heap before
{Heap before GC invocations=7 (full 1):
 PSYoungGen      total 69120K, used 66560K [0x51800000, 0x5b100000, 0x71800000)
  eden space 66560K, 100% used [0x51800000,0x55900000,0x55900000)
  from space 2560K, 0% used [0x55900000,0x55900000,0x55b80000)
  to   space 11776K, 0% used [0x5a580000,0x5a580000,0x5b100000)
 ParOldGen       total 42240K, used 15059K [0x11800000, 0x14140000, 0x51800000)
  object space 42240K, 35% used [0x11800000,0x126b4e70,0x14140000)
 Metaspace       used 19230K, capacity 19603K, committed 19712K, reserved 19840K
Event: 22.665 GC heap after
Heap after GC invocations=7 (full 1):
 PSYoungGen      total 132608K, used 7242K [0x51800000, 0x5acc0000, 0x71800000)
  eden space 125184K, 0% used [0x51800000,0x51800000,0x59240000)
  from space 7424K, 97% used [0x5a580000,0x5ac92938,0x5acc0000)
  to   space 11520K, 0% used [0x59640000,0x59640000,0x5a180000)
 ParOldGen       total 42240K, used 15063K [0x11800000, 0x14140000, 0x51800000)
  object space 42240K, 35% used [0x11800000,0x126b5e70,0x14140000)
 Metaspace       used 19230K, capacity 19603K, committed 19712K, reserved 19840K
}
Event: 47.628 GC heap before
{Heap before GC invocations=8 (full 1):
 PSYoungGen      total 132608K, used 132426K [0x51800000, 0x5acc0000, 0x71800000)
  eden space 125184K, 100% used [0x51800000,0x59240000,0x59240000)
  from space 7424K, 97% used [0x5a580000,0x5ac92938,0x5acc0000)
  to   space 11520K, 0% used [0x59640000,0x59640000,0x5a180000)
 ParOldGen       total 42240K, used 15063K [0x11800000, 0x14140000, 0x51800000)
  object space 42240K, 35% used [0x11800000,0x126b5e70,0x14140000)
 Metaspace       used 25545K, capacity 26130K, committed 26240K, reserved 27008K
Event: 47.655 GC heap after
Heap after GC invocations=8 (full 1):
 PSYoungGen      total 140800K, used 11508K [0x51800000, 0x61640000, 0x71800000)
  eden space 129280K, 0% used [0x51800000,0x51800000,0x59640000)
  from space 11520K, 99% used [0x59640000,0x5a17d010,0x5a180000)
  to   space 14592K, 0% used [0x60800000,0x60800000,0x61640000)
 ParOldGen       total 42240K, used 16752K [0x11800000, 0x14140000, 0x51800000)
  object space 42240K, 39% used [0x11800000,0x1285c2e0,0x14140000)
 Metaspace       used 25545K, capacity 26130K, committed 26240K, reserved 27008K
}
Event: 48.962 GC heap before
{Heap before GC invocations=9 (full 1):
 PSYoungGen      total 140800K, used 42625K [0x51800000, 0x61640000, 0x71800000)
  eden space 129280K, 24% used [0x51800000,0x53663770,0x59640000)
  from space 11520K, 99% used [0x59640000,0x5a17d010,0x5a180000)
  to   space 14592K, 0% used [0x60800000,0x60800000,0x61640000)
 ParOldGen       total 42240K, used 16752K [0x11800000, 0x14140000, 0x51800000)
  object space 42240K, 39% used [0x11800000,0x1285c2e0,0x14140000)
 Metaspace       used 26700K, capacity 27260K, committed 27308K, reserved 28032K
Event: 48.982 GC heap after
Heap after GC invocations=9 (full 1):
 PSYoungGen      total 245504K, used 9899K [0x51800000, 0x61c40000, 0x71800000)
  eden space 230912K, 0% used [0x51800000,0x51800000,0x5f980000)
  from space 14592K, 67% used [0x60800000,0x611aac80,0x61640000)
  to   space 14848K, 0% used [0x5f980000,0x5f980000,0x60800000)
 ParOldGen       total 42240K, used 16756K [0x11800000, 0x14140000, 0x51800000)
  object space 42240K, 39% used [0x11800000,0x1285d2e0,0x14140000)
 Metaspace       used 26700K, capacity 27260K, committed 27308K, reserved 28032K
}
Event: 48.982 GC heap before
{Heap before GC invocations=10 (full 2):
 PSYoungGen      total 245504K, used 9899K [0x51800000, 0x61c40000, 0x71800000)
  eden space 230912K, 0% used [0x51800000,0x51800000,0x5f980000)
  from space 14592K, 67% used [0x60800000,0x611aac80,0x61640000)
  to   space 14848K, 0% used [0x5f980000,0x5f980000,0x60800000)
 ParOldGen       total 42240K, used 16756K [0x11800000, 0x14140000, 0x51800000)
  object space 42240K, 39% used [0x11800000,0x1285d2e0,0x14140000)
 Metaspace       used 26700K, capacity 27260K, committed 27308K, reserved 28032K
Event: 49.180 GC heap after
Heap after GC invocations=10 (full 2):
 PSYoungGen      total 245504K, used 0K [0x51800000, 0x61c40000, 0x71800000)
  eden space 230912K, 0% used [0x51800000,0x51800000,0x5f980000)
  from space 14592K, 0% used [0x60800000,0x60800000,0x61640000)
  to   space 14848K, 0% used [0x5f980000,0x5f980000,0x60800000)
 ParOldGen       total 47104K, used 17249K [0x11800000, 0x14600000, 0x51800000)
  object space 47104K, 36% used [0x11800000,0x128d85e8,0x14600000)
 Metaspace       used 26700K, capacity 27260K, committed 27308K, reserved 28032K
}

