# JRE version: OpenJDK Runtime Environment (8.0_152-b01) (build 1.8.0_152-release-915-b01)
# Java VM: OpenJDK Server VM (25.152-b01 mixed mode windows-x86 )
Heap:
 PSYoungGen      total 167936K, used 23004K [0x51a00000, 0x5fe40000, 0x71a00000)
  eden space 156160K, 14% used [0x51a00000,0x53077210,0x5b280000)
  from space 11776K, 0% used [0x5b280000,0x5b280000,0x5be00000)
  to   space 11520K, 0% used [0x5f300000,0x5f300000,0x5fe40000)
 ParOldGen       total 71424K, used 23354K [0x11a00000, 0x15fc0000, 0x51a00000)
  object space 71424K, 32% used [0x11a00000,0x130ce850,0x15fc0000)
 Metaspace       used 28622K, capacity 29255K, committed 29312K, reserved 30080K
GC Heap History (10 events):
Event: 9.638 GC heap before
{Heap before GC invocations=10 (full 1):
 PSYoungGen      total 118784K, used 118744K [0x51a00000, 0x5a9c0000, 0x71a00000)
  eden space 111616K, 100% used [0x51a00000,0x58700000,0x58700000)
  from space 7168K, 99% used [0x5a2c0000,0x5a9b60c8,0x5a9c0000)
  to   space 9984K, 0% used [0x59640000,0x59640000,0x5a000000)
 ParOldGen       total 37888K, used 12735K [0x11a00000, 0x13f00000, 0x51a00000)
  object space 37888K, 33% used [0x11a00000,0x1266fc38,0x13f00000)
 Metaspace       used 25234K, capacity 25799K, committed 25856K, reserved 25984K
Event: 9.665 GC heap after
Heap after GC invocations=10 (full 1):
 PSYoungGen      total 137216K, used 9968K [0x51a00000, 0x5c9c0000, 0x71a00000)
  eden space 127232K, 0% used [0x51a00000,0x51a00000,0x59640000)
  from space 9984K, 99% used [0x59640000,0x59ffc218,0x5a000000)
  to   space 12032K, 0% used [0x5be00000,0x5be00000,0x5c9c0000)
 ParOldGen       total 37888K, used 14698K [0x11a00000, 0x13f00000, 0x51a00000)
  object space 37888K, 38% used [0x11a00000,0x1285a8b8,0x13f00000)
 Metaspace       used 25234K, capacity 25799K, committed 25856K, reserved 25984K
}
Event: 10.781 GC heap before
{Heap before GC invocations=11 (full 1):
 PSYoungGen      total 137216K, used 57905K [0x51a00000, 0x5c9c0000, 0x71a00000)
  eden space 127232K, 37% used [0x51a00000,0x548d0450,0x59640000)
  from space 9984K, 99% used [0x59640000,0x59ffc218,0x5a000000)
  to   space 12032K, 0% used [0x5be00000,0x5be00000,0x5c9c0000)
 ParOldGen       total 37888K, used 14698K [0x11a00000, 0x13f00000, 0x51a00000)
  object space 37888K, 38% used [0x11a00000,0x1285a8b8,0x13f00000)
 Metaspace       used 26718K, capacity 27260K, committed 27308K, reserved 28032K
Event: 10.804 GC heap after
Heap after GC invocations=11 (full 1):
 PSYoungGen      total 168192K, used 6943K [0x51a00000, 0x5dcc0000, 0x71a00000)
  eden space 156160K, 0% used [0x51a00000,0x51a00000,0x5b280000)
  from space 12032K, 57% used [0x5be00000,0x5c4c7e78,0x5c9c0000)
  to   space 11776K, 0% used [0x5b280000,0x5b280000,0x5be00000)
 ParOldGen       total 37888K, used 17965K [0x11a00000, 0x13f00000, 0x51a00000)
  object space 37888K, 47% used [0x11a00000,0x12b8b5b8,0x13f00000)
 Metaspace       used 26718K, capacity 27260K, committed 27308K, reserved 28032K
}
Event: 10.804 GC heap before
{Heap before GC invocations=12 (full 2):
 PSYoungGen      total 168192K, used 6943K [0x51a00000, 0x5dcc0000, 0x71a00000)
  eden space 156160K, 0% used [0x51a00000,0x51a00000,0x5b280000)
  from space 12032K, 57% used [0x5be00000,0x5c4c7e78,0x5c9c0000)
  to   space 11776K, 0% used [0x5b280000,0x5b280000,0x5be00000)
 ParOldGen       total 37888K, used 17965K [0x11a00000, 0x13f00000, 0x51a00000)
  object space 37888K, 47% used [0x11a00000,0x12b8b5b8,0x13f00000)
 Metaspace       used 26718K, capacity 27260K, committed 27308K, reserved 28032K
Event: 10.961 GC heap after
Heap after GC invocations=12 (full 2):
 PSYoungGen      total 168192K, used 0K [0x51a00000, 0x5dcc0000, 0x71a00000)
  eden space 156160K, 0% used [0x51a00000,0x51a00000,0x5b280000)
  from space 12032K, 0% used [0x5be00000,0x5be00000,0x5c9c0000)
  to   space 11776K, 0% used [0x5b280000,0x5b280000,0x5be00000)
 ParOldGen       total 51712K, used 17436K [0x11a00000, 0x14c80000, 0x51a00000)
  object space 51712K, 33% used [0x11a00000,0x12b07250,0x14c80000)
 Metaspace       used 26718K, capacity 27260K, committed 27308K, reserved 28032K
}
Event: 11.719 GC heap before
{Heap before GC invocations=13 (full 2):
 PSYoungGen      total 168192K, used 50793K [0x51a00000, 0x5dcc0000, 0x71a00000)
  eden space 156160K, 32% used [0x51a00000,0x54b9a730,0x5b280000)
  from space 12032K, 0% used [0x5be00000,0x5be00000,0x5c9c0000)
  to   space 11776K, 0% used [0x5b280000,0x5b280000,0x5be00000)
 ParOldGen       total 51712K, used 17436K [0x11a00000, 0x14c80000, 0x51a00000)
  object space 51712K, 33% used [0x11a00000,0x12b07250,0x14c80000)
 Metaspace       used 28454K, capacity 29053K, committed 29056K, reserved 29056K
Event: 11.743 GC heap after
Heap after GC invocations=13 (full 2):
 PSYoungGen      total 167936K, used 6949K [0x51a00000, 0x5fe40000, 0x71a00000)
  eden space 156160K, 0% used [0x51a00000,0x51a00000,0x5b280000)
  from space 11776K, 59% used [0x5b280000,0x5b949730,0x5be00000)
  to   space 11520K, 0% used [0x5f300000,0x5f300000,0x5fe40000)
 ParOldGen       total 51712K, used 17440K [0x11a00000, 0x14c80000, 0x51a00000)
  object space 51712K, 33% used [0x11a00000,0x12b08250,0x14c80000)
 Metaspace       used 28454K, capacity 29053K, committed 29056K, reserved 29056K
}
Event: 11.743 GC heap before
{Heap before GC invocations=14 (full 3):
 PSYoungGen      total 167936K, used 6949K [0x51a00000, 0x5fe40000, 0x71a00000)
  eden space 156160K, 0% used [0x51a00000,0x51a00000,0x5b280000)
  from space 11776K, 59% used [0x5b280000,0x5b949730,0x5be00000)
  to   space 11520K, 0% used [0x5f300000,0x5f300000,0x5fe40000)
 ParOldGen       total 51712K, used 17440K [0x11a00000, 0x14c80000, 0x51a00000)
  object space 51712K, 33% used [0x11a00000,0x12b08250,0x14c80000)
 Metaspace       used 28454K, capacity 29053K, committed 29056K, reserved 29056K
Event: 11.995 GC heap after
Heap after GC invocations=14 (full 3):
 PSYoungGen      total 167936K, used 0K [0x51a00000, 0x5fe40000, 0x71a00000)
  eden space 156160K, 0% used [0x51a00000,0x51a00000,0x5b280000)
  from space 11776K, 0% used [0x5b280000,0x5b280000,0x5be00000)
  to   space 11520K, 0% used [0x5f300000,0x5f300000,0x5fe40000)
 ParOldGen       total 71424K, used 23354K [0x11a00000, 0x15fc0000, 0x51a00000)
  object space 71424K, 32% used [0x11a00000,0x130ce850,0x15fc0000)
 Metaspace       used 28454K, capacity 29053K, committed 29056K, reserved 29056K
}

