# JRE version: OpenJDK Runtime Environment (8.0_152-b01) (build 1.8.0_152-release-915-b01)
# Java VM: OpenJDK Server VM (25.152-b01 mixed mode windows-x86 )
Heap:
 PSYoungGen      total 248064K, used 35120K [0x51600000, 0x67480000, 0x71600000)
  eden space 235264K, 9% used [0x51600000,0x52bce150,0x5fbc0000)
  from space 12800K, 99% used [0x5fbc0000,0x6083e090,0x60840000)
  to   space 18944K, 0% used [0x66200000,0x66200000,0x67480000)
 ParOldGen       total 48384K, used 35851K [0x11600000, 0x14540000, 0x51600000)
  object space 48384K, 74% used [0x11600000,0x13902c48,0x14540000)
 Metaspace       used 38174K, capacity 39335K, committed 39424K, reserved 40320K
GC Heap History (10 events):
Event: 11.624 GC heap before
{Heap before GC invocations=11 (full 1):
 PSYoungGen      total 137216K, used 53060K [0x51600000, 0x5d440000, 0x71600000)
  eden space 127232K, 33% used [0x51600000,0x54012978,0x59240000)
  from space 9984K, 99% used [0x59240000,0x59bfea08,0x59c00000)
  to   space 12288K, 0% used [0x5c840000,0x5c840000,0x5d440000)
 ParOldGen       total 33792K, used 11917K [0x11600000, 0x13700000, 0x51600000)
  object space 33792K, 35% used [0x11600000,0x121a37e8,0x13700000)
 Metaspace       used 26711K, capacity 27260K, committed 27308K, reserved 28032K
Event: 11.658 GC heap after
Heap after GC invocations=11 (full 1):
 PSYoungGen      total 182784K, used 6995K [0x51600000, 0x5e180000, 0x71600000)
  eden space 170496K, 0% used [0x51600000,0x51600000,0x5bc80000)
  from space 12288K, 56% used [0x5c840000,0x5cf14f98,0x5d440000)
  to   space 12032K, 0% used [0x5bc80000,0x5bc80000,0x5c840000)
 ParOldGen       total 33792K, used 15213K [0x11600000, 0x13700000, 0x51600000)
  object space 33792K, 45% used [0x11600000,0x124db478,0x13700000)
 Metaspace       used 26711K, capacity 27260K, committed 27308K, reserved 28032K
}
Event: 11.659 GC heap before
{Heap before GC invocations=12 (full 2):
 PSYoungGen      total 182784K, used 6995K [0x51600000, 0x5e180000, 0x71600000)
  eden space 170496K, 0% used [0x51600000,0x51600000,0x5bc80000)
  from space 12288K, 56% used [0x5c840000,0x5cf14f98,0x5d440000)
  to   space 12032K, 0% used [0x5bc80000,0x5bc80000,0x5c840000)
 ParOldGen       total 33792K, used 15213K [0x11600000, 0x13700000, 0x51600000)
  object space 33792K, 45% used [0x11600000,0x124db478,0x13700000)
 Metaspace       used 26711K, capacity 27260K, committed 27308K, reserved 28032K
Event: 11.773 GC heap after
Heap after GC invocations=12 (full 2):
 PSYoungGen      total 182784K, used 0K [0x51600000, 0x5e180000, 0x71600000)
  eden space 170496K, 0% used [0x51600000,0x51600000,0x5bc80000)
  from space 12288K, 0% used [0x5c840000,0x5c840000,0x5d440000)
  to   space 12032K, 0% used [0x5bc80000,0x5bc80000,0x5c840000)
 ParOldGen       total 48384K, used 17624K [0x11600000, 0x14540000, 0x51600000)
  object space 48384K, 36% used [0x11600000,0x127360c0,0x14540000)
 Metaspace       used 26711K, capacity 27260K, committed 27308K, reserved 28032K
}
Event: 20.197 GC heap before
{Heap before GC invocations=13 (full 2):
 PSYoungGen      total 182784K, used 170496K [0x51600000, 0x5e180000, 0x71600000)
  eden space 170496K, 100% used [0x51600000,0x5bc80000,0x5bc80000)
  from space 12288K, 0% used [0x5c840000,0x5c840000,0x5d440000)
  to   space 12032K, 0% used [0x5bc80000,0x5bc80000,0x5c840000)
 ParOldGen       total 48384K, used 17624K [0x11600000, 0x14540000, 0x51600000)
  object space 48384K, 36% used [0x11600000,0x127360c0,0x14540000)
 Metaspace       used 31292K, capacity 31912K, committed 32000K, reserved 32128K
Event: 20.228 GC heap after
Heap after GC invocations=13 (full 2):
 PSYoungGen      total 182528K, used 8866K [0x51600000, 0x61740000, 0x71600000)
  eden space 170496K, 0% used [0x51600000,0x51600000,0x5bc80000)
  from space 12032K, 73% used [0x5bc80000,0x5c528a68,0x5c840000)
  to   space 12544K, 0% used [0x60b00000,0x60b00000,0x61740000)
 ParOldGen       total 48384K, used 17628K [0x11600000, 0x14540000, 0x51600000)
  object space 48384K, 36% used [0x11600000,0x127370c0,0x14540000)
 Metaspace       used 31292K, capacity 31912K, committed 32000K, reserved 32128K
}
Event: 27.392 GC heap before
{Heap before GC invocations=14 (full 2):
 PSYoungGen      total 182528K, used 179362K [0x51600000, 0x61740000, 0x71600000)
  eden space 170496K, 100% used [0x51600000,0x5bc80000,0x5bc80000)
  from space 12032K, 73% used [0x5bc80000,0x5c528a68,0x5c840000)
  to   space 12544K, 0% used [0x60b00000,0x60b00000,0x61740000)
 ParOldGen       total 48384K, used 17628K [0x11600000, 0x14540000, 0x51600000)
  object space 48384K, 36% used [0x11600000,0x127370c0,0x14540000)
 Metaspace       used 34957K, capacity 35937K, committed 35968K, reserved 36224K
Event: 27.509 GC heap after
Heap after GC invocations=14 (full 2):
 PSYoungGen      total 245248K, used 8706K [0x51600000, 0x614c0000, 0x71600000)
  eden space 235264K, 0% used [0x51600000,0x51600000,0x5fbc0000)
  from space 9984K, 87% used [0x60b00000,0x61380b88,0x614c0000)
  to   space 12800K, 0% used [0x5fbc0000,0x5fbc0000,0x60840000)
 ParOldGen       total 48384K, used 23431K [0x11600000, 0x14540000, 0x51600000)
  object space 48384K, 48% used [0x11600000,0x12ce1f00,0x14540000)
 Metaspace       used 34957K, capacity 35937K, committed 35968K, reserved 36224K
}
Event: 37.911 GC heap before
{Heap before GC invocations=15 (full 2):
 PSYoungGen      total 245248K, used 243970K [0x51600000, 0x614c0000, 0x71600000)
  eden space 235264K, 100% used [0x51600000,0x5fbc0000,0x5fbc0000)
  from space 9984K, 87% used [0x60b00000,0x61380b88,0x614c0000)
  to   space 12800K, 0% used [0x5fbc0000,0x5fbc0000,0x60840000)
 ParOldGen       total 48384K, used 23431K [0x11600000, 0x14540000, 0x51600000)
  object space 48384K, 48% used [0x11600000,0x12ce1f00,0x14540000)
 Metaspace       used 38110K, capacity 39293K, committed 39296K, reserved 39296K
Event: 38.081 GC heap after
Heap after GC invocations=15 (full 2):
 PSYoungGen      total 248064K, used 12792K [0x51600000, 0x67480000, 0x71600000)
  eden space 235264K, 0% used [0x51600000,0x51600000,0x5fbc0000)
  from space 12800K, 99% used [0x5fbc0000,0x6083e090,0x60840000)
  to   space 18944K, 0% used [0x66200000,0x66200000,0x67480000)
 ParOldGen       total 48384K, used 35851K [0x11600000, 0x14540000, 0x51600000)
  object space 48384K, 74% used [0x11600000,0x13902c48,0x14540000)
 Metaspace       used 38110K, capacity 39293K, committed 39296K, reserved 39296K
}

