# JRE version: OpenJDK Runtime Environment (8.0_152-b01) (build 1.8.0_152-release-915-b01)
# Java VM: OpenJDK Server VM (25.152-b01 mixed mode windows-x86 )
Heap:
 PSYoungGen      total 184320K, used 132446K [0x51800000, 0x60dc0000, 0x71800000)
  eden space 169728K, 72% used [0x51800000,0x590906a8,0x5bdc0000)
  from space 14592K, 61% used [0x5bdc0000,0x5c687420,0x5cc00000)
  to   space 14336K, 0% used [0x5ffc0000,0x5ffc0000,0x60dc0000)
 ParOldGen       total 56576K, used 17440K [0x11800000, 0x14f40000, 0x51800000)
  object space 56576K, 30% used [0x11800000,0x12908270,0x14f40000)
 Metaspace       used 33139K, capacity 33921K, committed 34048K, reserved 34176K
GC Heap History (10 events):
Event: 10.156 GC heap before
{Heap before GC invocations=7 (full 1):
 PSYoungGen      total 69120K, used 66560K [0x51800000, 0x5b100000, 0x71800000)
  eden space 66560K, 100% used [0x51800000,0x55900000,0x55900000)
  from space 2560K, 0% used [0x55900000,0x55900000,0x55b80000)
  to   space 11776K, 0% used [0x5a580000,0x5a580000,0x5b100000)
 ParOldGen       total 45824K, used 15031K [0x11800000, 0x144c0000, 0x51800000)
  object space 45824K, 32% used [0x11800000,0x126adcc0,0x144c0000)
 Metaspace       used 19242K, capacity 19635K, committed 19712K, reserved 19840K
Event: 10.168 GC heap after
Heap after GC invocations=7 (full 1):
 PSYoungGen      total 115456K, used 7342K [0x51800000, 0x5acc0000, 0x71800000)
  eden space 108032K, 0% used [0x51800000,0x51800000,0x58180000)
  from space 7424K, 98% used [0x5a580000,0x5acabab0,0x5acc0000)
  to   space 11776K, 0% used [0x595c0000,0x595c0000,0x5a140000)
 ParOldGen       total 45824K, used 15031K [0x11800000, 0x144c0000, 0x51800000)
  object space 45824K, 32% used [0x11800000,0x126adcc0,0x144c0000)
 Metaspace       used 19242K, capacity 19635K, committed 19712K, reserved 19840K
}
Event: 13.296 GC heap before
{Heap before GC invocations=8 (full 1):
 PSYoungGen      total 115456K, used 115374K [0x51800000, 0x5acc0000, 0x71800000)
  eden space 108032K, 100% used [0x51800000,0x58180000,0x58180000)
  from space 7424K, 98% used [0x5a580000,0x5acabab0,0x5acc0000)
  to   space 11776K, 0% used [0x595c0000,0x595c0000,0x5a140000)
 ParOldGen       total 45824K, used 15031K [0x11800000, 0x144c0000, 0x51800000)
  object space 45824K, 32% used [0x11800000,0x126adcc0,0x144c0000)
 Metaspace       used 25241K, capacity 25799K, committed 25856K, reserved 25984K
Event: 13.318 GC heap after
Heap after GC invocations=8 (full 1):
 PSYoungGen      total 140544K, used 11772K [0x51800000, 0x5d980000, 0x71800000)
  eden space 128768K, 0% used [0x51800000,0x51800000,0x595c0000)
  from space 11776K, 99% used [0x595c0000,0x5a13f048,0x5a140000)
  to   space 13824K, 0% used [0x5cc00000,0x5cc00000,0x5d980000)
 ParOldGen       total 45824K, used 15112K [0x11800000, 0x144c0000, 0x51800000)
  object space 45824K, 32% used [0x11800000,0x126c2038,0x144c0000)
 Metaspace       used 25241K, capacity 25799K, committed 25856K, reserved 25984K
}
Event: 14.088 GC heap before
{Heap before GC invocations=9 (full 1):
 PSYoungGen      total 140544K, used 58026K [0x51800000, 0x5d980000, 0x71800000)
  eden space 128768K, 35% used [0x51800000,0x5452b7f0,0x595c0000)
  from space 11776K, 99% used [0x595c0000,0x5a13f048,0x5a140000)
  to   space 13824K, 0% used [0x5cc00000,0x5cc00000,0x5d980000)
 ParOldGen       total 45824K, used 15112K [0x11800000, 0x144c0000, 0x51800000)
  object space 45824K, 32% used [0x11800000,0x126c2038,0x144c0000)
 Metaspace       used 26692K, capacity 27260K, committed 27308K, reserved 28032K
Event: 14.126 GC heap after
Heap after GC invocations=9 (full 1):
 PSYoungGen      total 183552K, used 10160K [0x51800000, 0x60500000, 0x71800000)
  eden space 169728K, 0% used [0x51800000,0x51800000,0x5bdc0000)
  from space 13824K, 73% used [0x5cc00000,0x5d5ec2e0,0x5d980000)
  to   space 14592K, 0% used [0x5bdc0000,0x5bdc0000,0x5cc00000)
 ParOldGen       total 45824K, used 15112K [0x11800000, 0x144c0000, 0x51800000)
  object space 45824K, 32% used [0x11800000,0x126c2038,0x144c0000)
 Metaspace       used 26692K, capacity 27260K, committed 27308K, reserved 28032K
}
Event: 14.126 GC heap before
{Heap before GC invocations=10 (full 2):
 PSYoungGen      total 183552K, used 10160K [0x51800000, 0x60500000, 0x71800000)
  eden space 169728K, 0% used [0x51800000,0x51800000,0x5bdc0000)
  from space 13824K, 73% used [0x5cc00000,0x5d5ec2e0,0x5d980000)
  to   space 14592K, 0% used [0x5bdc0000,0x5bdc0000,0x5cc00000)
 ParOldGen       total 45824K, used 15112K [0x11800000, 0x144c0000, 0x51800000)
  object space 45824K, 32% used [0x11800000,0x126c2038,0x144c0000)
 Metaspace       used 26692K, capacity 27260K, committed 27308K, reserved 28032K
Event: 14.289 GC heap after
Heap after GC invocations=10 (full 2):
 PSYoungGen      total 183552K, used 0K [0x51800000, 0x60500000, 0x71800000)
  eden space 169728K, 0% used [0x51800000,0x51800000,0x5bdc0000)
  from space 13824K, 0% used [0x5cc00000,0x5cc00000,0x5d980000)
  to   space 14592K, 0% used [0x5bdc0000,0x5bdc0000,0x5cc00000)
 ParOldGen       total 56576K, used 17436K [0x11800000, 0x14f40000, 0x51800000)
  object space 56576K, 30% used [0x11800000,0x12907270,0x14f40000)
 Metaspace       used 26692K, capacity 27260K, committed 27308K, reserved 28032K
}
Event: 20.380 GC heap before
{Heap before GC invocations=11 (full 2):
 PSYoungGen      total 183552K, used 169728K [0x51800000, 0x60500000, 0x71800000)
  eden space 169728K, 100% used [0x51800000,0x5bdc0000,0x5bdc0000)
  from space 13824K, 0% used [0x5cc00000,0x5cc00000,0x5d980000)
  to   space 14592K, 0% used [0x5bdc0000,0x5bdc0000,0x5cc00000)
 ParOldGen       total 56576K, used 17436K [0x11800000, 0x14f40000, 0x51800000)
  object space 56576K, 30% used [0x11800000,0x12907270,0x14f40000)
 Metaspace       used 31306K, capacity 31946K, committed 32000K, reserved 32128K
Event: 20.396 GC heap after
Heap after GC invocations=11 (full 2):
 PSYoungGen      total 184320K, used 8989K [0x51800000, 0x60dc0000, 0x71800000)
  eden space 169728K, 0% used [0x51800000,0x51800000,0x5bdc0000)
  from space 14592K, 61% used [0x5bdc0000,0x5c687420,0x5cc00000)
  to   space 14336K, 0% used [0x5ffc0000,0x5ffc0000,0x60dc0000)
 ParOldGen       total 56576K, used 17440K [0x11800000, 0x14f40000, 0x51800000)
  object space 56576K, 30% used [0x11800000,0x12908270,0x14f40000)
 Metaspace       used 31306K, capacity 31946K, committed 32000K, reserved 32128K
}

