# JRE version: OpenJDK Runtime Environment (8.0_152-b01) (build 1.8.0_152-release-915-b01)
# Java VM: OpenJDK Server VM (25.152-b01 mixed mode windows-x86 )
Heap:
 PSYoungGen      total 280576K, used 17894K [0x51a00000, 0x681c0000, 0x71a00000)
  eden space 262144K, 6% used [0x51a00000,0x52b79978,0x61a00000)
  from space 18432K, 0% used [0x61a00000,0x61a00000,0x62c00000)
  to   space 18688K, 4% used [0x66f80000,0x67058000,0x681c0000)
 ParOldGen       total 112384K, used 37078K [0x11a00000, 0x187c0000, 0x51a00000)
  object space 112384K, 32% used [0x11a00000,0x13e35b60,0x187c0000)
 Metaspace       used 37838K, capacity 38772K, committed 39296K, reserved 39296K
GC Heap History (10 events):
Event: 31.346 GC heap after
Heap after GC invocations=15 (full 2):
 PSYoungGen      total 213248K, used 11512K [0x51a00000, 0x63e80000, 0x71a00000)
  eden space 201728K, 0% used [0x51a00000,0x51a00000,0x5df00000)
  from space 11520K, 99% used [0x5df00000,0x5ea3e070,0x5ea40000)
  to   space 18176K, 0% used [0x62cc0000,0x62cc0000,0x63e80000)
 ParOldGen       total 52480K, used 37626K [0x11a00000, 0x14d40000, 0x51a00000)
  object space 52480K, 71% used [0x11a00000,0x13ebe9f0,0x14d40000)
 Metaspace       used 38096K, capacity 39220K, committed 39296K, reserved 39296K
}
Event: 32.973 GC heap before
{Heap before GC invocations=16 (full 2):
 PSYoungGen      total 213248K, used 25255K [0x51a00000, 0x63e80000, 0x71a00000)
  eden space 201728K, 6% used [0x51a00000,0x5276bed8,0x5df00000)
  from space 11520K, 99% used [0x5df00000,0x5ea3e070,0x5ea40000)
  to   space 18176K, 0% used [0x62cc0000,0x62cc0000,0x63e80000)
 ParOldGen       total 52480K, used 37626K [0x11a00000, 0x14d40000, 0x51a00000)
  object space 52480K, 71% used [0x11a00000,0x13ebe9f0,0x14d40000)
 Metaspace       used 38178K, capacity 39296K, committed 39296K, reserved 39296K
Event: 33.001 GC heap after
Heap after GC invocations=16 (full 2):
 PSYoungGen      total 279808K, used 771K [0x51a00000, 0x63e00000, 0x71a00000)
  eden space 262144K, 0% used [0x51a00000,0x51a00000,0x61a00000)
  from space 17664K, 4% used [0x62cc0000,0x62d80fe0,0x63e00000)
  to   space 18432K, 0% used [0x61a00000,0x61a00000,0x62c00000)
 ParOldGen       total 52480K, used 49237K [0x11a00000, 0x14d40000, 0x51a00000)
  object space 52480K, 93% used [0x11a00000,0x14a15678,0x14d40000)
 Metaspace       used 38178K, capacity 39296K, committed 39296K, reserved 39296K
}
Event: 33.001 GC heap before
{Heap before GC invocations=17 (full 3):
 PSYoungGen      total 279808K, used 771K [0x51a00000, 0x63e00000, 0x71a00000)
  eden space 262144K, 0% used [0x51a00000,0x51a00000,0x61a00000)
  from space 17664K, 4% used [0x62cc0000,0x62d80fe0,0x63e00000)
  to   space 18432K, 0% used [0x61a00000,0x61a00000,0x62c00000)
 ParOldGen       total 52480K, used 49237K [0x11a00000, 0x14d40000, 0x51a00000)
  object space 52480K, 93% used [0x11a00000,0x14a15678,0x14d40000)
 Metaspace       used 38178K, capacity 39296K, committed 39296K, reserved 39296K
Event: 33.513 GC heap after
Heap after GC invocations=17 (full 3):
 PSYoungGen      total 279808K, used 0K [0x51a00000, 0x63e00000, 0x71a00000)
  eden space 262144K, 0% used [0x51a00000,0x51a00000,0x61a00000)
  from space 17664K, 0% used [0x62cc0000,0x62cc0000,0x63e00000)
  to   space 18432K, 0% used [0x61a00000,0x61a00000,0x62c00000)
 ParOldGen       total 100864K, used 48082K [0x11a00000, 0x17c80000, 0x51a00000)
  object space 100864K, 47% used [0x11a00000,0x148f4b68,0x17c80000)
 Metaspace       used 38178K, capacity 39296K, committed 39296K, reserved 39296K
}
Event: 33.513 GC heap before
{Heap before GC invocations=18 (full 3):
 PSYoungGen      total 279808K, used 0K [0x51a00000, 0x63e00000, 0x71a00000)
  eden space 262144K, 0% used [0x51a00000,0x51a00000,0x61a00000)
  from space 17664K, 0% used [0x62cc0000,0x62cc0000,0x63e00000)
  to   space 18432K, 0% used [0x61a00000,0x61a00000,0x62c00000)
 ParOldGen       total 100864K, used 48082K [0x11a00000, 0x17c80000, 0x51a00000)
  object space 100864K, 47% used [0x11a00000,0x148f4b68,0x17c80000)
 Metaspace       used 38178K, capacity 39296K, committed 39296K, reserved 39296K
Event: 33.517 GC heap after
Heap after GC invocations=18 (full 3):
 PSYoungGen      total 280576K, used 0K [0x51a00000, 0x681c0000, 0x71a00000)
  eden space 262144K, 0% used [0x51a00000,0x51a00000,0x61a00000)
  from space 18432K, 0% used [0x61a00000,0x61a00000,0x62c00000)
  to   space 18688K, 0% used [0x66f80000,0x66f80000,0x681c0000)
 ParOldGen       total 100864K, used 48082K [0x11a00000, 0x17c80000, 0x51a00000)
  object space 100864K, 47% used [0x11a00000,0x148f4b68,0x17c80000)
 Metaspace       used 38178K, capacity 39296K, committed 39296K, reserved 39296K
}
Event: 33.517 GC heap before
{Heap before GC invocations=19 (full 4):
 PSYoungGen      total 280576K, used 0K [0x51a00000, 0x681c0000, 0x71a00000)
  eden space 262144K, 0% used [0x51a00000,0x51a00000,0x61a00000)
  from space 18432K, 0% used [0x61a00000,0x61a00000,0x62c00000)
  to   space 18688K, 0% used [0x66f80000,0x66f80000,0x681c0000)
 ParOldGen       total 100864K, used 48082K [0x11a00000, 0x17c80000, 0x51a00000)
  object space 100864K, 47% used [0x11a00000,0x148f4b68,0x17c80000)
 Metaspace       used 38178K, capacity 39296K, committed 39296K, reserved 39296K
Event: 33.850 GC heap after
Heap after GC invocations=19 (full 4):
 PSYoungGen      total 280576K, used 0K [0x51a00000, 0x681c0000, 0x71a00000)
  eden space 262144K, 0% used [0x51a00000,0x51a00000,0x61a00000)
  from space 18432K, 0% used [0x61a00000,0x61a00000,0x62c00000)
  to   space 18688K, 0% used [0x66f80000,0x66f80000,0x681c0000)
 ParOldGen       total 112384K, used 37078K [0x11a00000, 0x187c0000, 0x51a00000)
  object space 112384K, 32% used [0x11a00000,0x13e35b60,0x187c0000)
 Metaspace       used 37741K, capacity 38671K, committed 39296K, reserved 39296K
}
Event: 34.069 GC heap before
{Heap before GC invocations=20 (full 4):
 PSYoungGen      total 280576K, used 17894K [0x51a00000, 0x681c0000, 0x71a00000)
  eden space 262144K, 6% used [0x51a00000,0x52b79978,0x61a00000)
  from space 18432K, 0% used [0x61a00000,0x61a00000,0x62c00000)
  to   space 18688K, 0% used [0x66f80000,0x66f80000,0x681c0000)
 ParOldGen       total 112384K, used 37078K [0x11a00000, 0x187c0000, 0x51a00000)
  object space 112384K, 32% used [0x11a00000,0x13e35b60,0x187c0000)
 Metaspace       used 37838K, capacity 38772K, committed 39296K, reserved 39296K

