# JRE version: OpenJDK Runtime Environment (8.0_152-b01) (build 1.8.0_152-release-915-b01)
# Java VM: OpenJDK Server VM (25.152-b01 mixed mode windows-x86 )
Heap:
 PSYoungGen      total 252928K, used 34459K [0x51a00000, 0x62300000, 0x71a00000)
  eden space 241408K, 9% used [0x51a00000,0x5309ff58,0x605c0000)
  from space 11520K, 98% used [0x617c0000,0x622c7020,0x62300000)
  to   space 13824K, 0% used [0x60800000,0x60800000,0x61580000)
 ParOldGen       total 48384K, used 23148K [0x11a00000, 0x14940000, 0x51a00000)
  object space 48384K, 47% used [0x11a00000,0x1309b3b0,0x14940000)
 Metaspace       used 35414K, capacity 36372K, committed 36480K, reserved 37248K
GC Heap History (10 events):
Event: 10.439 GC heap before
{Heap before GC invocations=10 (full 1):
 PSYoungGen      total 125952K, used 125910K [0x51a00000, 0x5a9c0000, 0x71a00000)
  eden space 118784K, 100% used [0x51a00000,0x58e00000,0x58e00000)
  from space 7168K, 99% used [0x5a2c0000,0x5a9b5850,0x5a9c0000)
  to   space 9984K, 0% used [0x59640000,0x59640000,0x5a000000)
 ParOldGen       total 37632K, used 12691K [0x11a00000, 0x13ec0000, 0x51a00000)
  object space 37632K, 33% used [0x11a00000,0x12664f90,0x13ec0000)
 Metaspace       used 25353K, capacity 25936K, committed 25984K, reserved 25984K
Event: 10.466 GC heap after
Heap after GC invocations=10 (full 1):
 PSYoungGen      total 137216K, used 9968K [0x51a00000, 0x5dcc0000, 0x71a00000)
  eden space 127232K, 0% used [0x51a00000,0x51a00000,0x59640000)
  from space 9984K, 99% used [0x59640000,0x59ffc070,0x5a000000)
  to   space 12544K, 0% used [0x5d080000,0x5d080000,0x5dcc0000)
 ParOldGen       total 37632K, used 15430K [0x11a00000, 0x13ec0000, 0x51a00000)
  object space 37632K, 41% used [0x11a00000,0x12911940,0x13ec0000)
 Metaspace       used 25353K, capacity 25936K, committed 25984K, reserved 25984K
}
Event: 11.168 GC heap before
{Heap before GC invocations=11 (full 1):
 PSYoungGen      total 137216K, used 48237K [0x51a00000, 0x5dcc0000, 0x71a00000)
  eden space 127232K, 30% used [0x51a00000,0x53f5f4a8,0x59640000)
  from space 9984K, 99% used [0x59640000,0x59ffc070,0x5a000000)
  to   space 12544K, 0% used [0x5d080000,0x5d080000,0x5dcc0000)
 ParOldGen       total 37632K, used 15430K [0x11a00000, 0x13ec0000, 0x51a00000)
  object space 37632K, 41% used [0x11a00000,0x12911940,0x13ec0000)
 Metaspace       used 26707K, capacity 27260K, committed 27308K, reserved 28032K
Event: 11.282 GC heap after
Heap after GC invocations=11 (full 1):
 PSYoungGen      total 187392K, used 6788K [0x51a00000, 0x5ebc0000, 0x71a00000)
  eden space 174848K, 0% used [0x51a00000,0x51a00000,0x5c4c0000)
  from space 12544K, 54% used [0x5d080000,0x5d721390,0x5dcc0000)
  to   space 12032K, 0% used [0x5c4c0000,0x5c4c0000,0x5d080000)
 ParOldGen       total 37632K, used 18695K [0x11a00000, 0x13ec0000, 0x51a00000)
  object space 37632K, 49% used [0x11a00000,0x12c41e70,0x13ec0000)
 Metaspace       used 26707K, capacity 27260K, committed 27308K, reserved 28032K
}
Event: 11.282 GC heap before
{Heap before GC invocations=12 (full 2):
 PSYoungGen      total 187392K, used 6788K [0x51a00000, 0x5ebc0000, 0x71a00000)
  eden space 174848K, 0% used [0x51a00000,0x51a00000,0x5c4c0000)
  from space 12544K, 54% used [0x5d080000,0x5d721390,0x5dcc0000)
  to   space 12032K, 0% used [0x5c4c0000,0x5c4c0000,0x5d080000)
 ParOldGen       total 37632K, used 18695K [0x11a00000, 0x13ec0000, 0x51a00000)
  object space 37632K, 49% used [0x11a00000,0x12c41e70,0x13ec0000)
 Metaspace       used 26707K, capacity 27260K, committed 27308K, reserved 28032K
Event: 11.528 GC heap after
Heap after GC invocations=12 (full 2):
 PSYoungGen      total 187392K, used 0K [0x51a00000, 0x5ebc0000, 0x71a00000)
  eden space 174848K, 0% used [0x51a00000,0x51a00000,0x5c4c0000)
  from space 12544K, 0% used [0x5d080000,0x5d080000,0x5dcc0000)
  to   space 12032K, 0% used [0x5c4c0000,0x5c4c0000,0x5d080000)
 ParOldGen       total 48384K, used 17315K [0x11a00000, 0x14940000, 0x51a00000)
  object space 48384K, 35% used [0x11a00000,0x12ae8dc0,0x14940000)
 Metaspace       used 26707K, capacity 27260K, committed 27308K, reserved 28032K
}
Event: 17.844 GC heap before
{Heap before GC invocations=13 (full 2):
 PSYoungGen      total 187392K, used 174848K [0x51a00000, 0x5ebc0000, 0x71a00000)
  eden space 174848K, 100% used [0x51a00000,0x5c4c0000,0x5c4c0000)
  from space 12544K, 0% used [0x5d080000,0x5d080000,0x5dcc0000)
  to   space 12032K, 0% used [0x5c4c0000,0x5c4c0000,0x5d080000)
 ParOldGen       total 48384K, used 17315K [0x11a00000, 0x14940000, 0x51a00000)
  object space 48384K, 35% used [0x11a00000,0x12ae8dc0,0x14940000)
 Metaspace       used 31324K, capacity 31976K, committed 32000K, reserved 32128K
Event: 17.861 GC heap after
Heap after GC invocations=13 (full 2):
 PSYoungGen      total 186880K, used 8924K [0x51a00000, 0x62400000, 0x71a00000)
  eden space 174848K, 0% used [0x51a00000,0x51a00000,0x5c4c0000)
  from space 12032K, 74% used [0x5c4c0000,0x5cd770b8,0x5d080000)
  to   space 12544K, 0% used [0x617c0000,0x617c0000,0x62400000)
 ParOldGen       total 48384K, used 17319K [0x11a00000, 0x14940000, 0x51a00000)
  object space 48384K, 35% used [0x11a00000,0x12ae9dc0,0x14940000)
 Metaspace       used 31324K, capacity 31976K, committed 32000K, reserved 32128K
}
Event: 23.386 GC heap before
{Heap before GC invocations=14 (full 2):
 PSYoungGen      total 186880K, used 183772K [0x51a00000, 0x62400000, 0x71a00000)
  eden space 174848K, 100% used [0x51a00000,0x5c4c0000,0x5c4c0000)
  from space 12032K, 74% used [0x5c4c0000,0x5cd770b8,0x5d080000)
  to   space 12544K, 0% used [0x617c0000,0x617c0000,0x62400000)
 ParOldGen       total 48384K, used 17319K [0x11a00000, 0x14940000, 0x51a00000)
  object space 48384K, 35% used [0x11a00000,0x12ae9dc0,0x14940000)
 Metaspace       used 35201K, capacity 36137K, committed 36224K, reserved 36224K
Event: 23.429 GC heap after
Heap after GC invocations=14 (full 2):
 PSYoungGen      total 252928K, used 11292K [0x51a00000, 0x62300000, 0x71a00000)
  eden space 241408K, 0% used [0x51a00000,0x51a00000,0x605c0000)
  from space 11520K, 98% used [0x617c0000,0x622c7020,0x62300000)
  to   space 13824K, 0% used [0x60800000,0x60800000,0x61580000)
 ParOldGen       total 48384K, used 23148K [0x11a00000, 0x14940000, 0x51a00000)
  object space 48384K, 47% used [0x11a00000,0x1309b3b0,0x14940000)
 Metaspace       used 35201K, capacity 36137K, committed 36224K, reserved 36224K
}

